  Building Custom Rule C:/Tutorial/Dependencies/cegui-cegui-dependencies-0ecdf3a9e49b/cegui-cegui-dependencies-0ecdf3a9e49b/src/libpng-1.4.7/CEGUI-BUILD/CMakeLists.txt
  CMake does not need to re-run because C:/Tutorial/Dependencies/cegui-cegui-dependencies-0ecdf3a9e49b/cegui-cegui-dependencies-0ecdf3a9e49b/build/src/libpng-1.4.7/CEGUI-BUILD/CMakeFiles/generate.stamp is up-to-date.
  png.c
  pngerror.c
  pngget.c
  pngmem.c
  pngpread.c
  pngread.c
  pngrio.c
  pngrtran.c
  pngrutil.c
  pngset.c
  pngtrans.c
  pngwio.c
  pngwrite.c
  pngwtran.c
  pngwutil.c
  Generating Code...
     Creating library C:/Tutorial/Dependencies/cegui-cegui-dependencies-0ecdf3a9e49b/cegui-cegui-dependencies-0ecdf3a9e49b/build/dependencies/lib/dynamic/libpng_d.lib and object C:/Tutorial/Dependencies/cegui-cegui-dependencies-0ecdf3a9e49b/cegui-cegui-dependencies-0ecdf3a9e49b/build/dependencies/lib/dynamic/libpng_d.exp
  libpng.vcxproj -> C:\Tutorial\Dependencies\cegui-cegui-dependencies-0ecdf3a9e49b\cegui-cegui-dependencies-0ecdf3a9e49b\build\dependencies\bin\libpng_d.dll
  libpng.vcxproj -> C:/Tutorial/Dependencies/cegui-cegui-dependencies-0ecdf3a9e49b/cegui-cegui-dependencies-0ecdf3a9e49b/build/dependencies/bin/libpng_d.pdb (Full PDB)
