c:\tutorial\tutorial\tutorial\release\vc141.pdb
c:\tutorial\tutorial\tutorial\release\mainmenu.obj
c:\tutorial\tutorial\tutorial\release\gamelogo.obj
c:\tutorial\tutorial\tutorial\release\main.obj
c:\tutorial - copy\tutorial\release\tutorial.exe
c:\tutorial - copy\tutorial\release\tutorial.pdb
c:\tutorial\tutorial\release\tutorial.exe
c:\tutorial\tutorial\release\tutorial.pdb
c:\tutorial - copy\tutorial\release\tutorial.lib
c:\tutorial - copy\tutorial\release\tutorial.exp
c:\tutorial - copy\tutorial\release\tutorial.ipdb
c:\tutorial - copy\tutorial\release\tutorial.iobj
c:\tutorial\tutorial\release\tutorial.lib
c:\tutorial\tutorial\release\tutorial.exp
c:\tutorial\tutorial\release\tutorial.ipdb
c:\tutorial\tutorial\release\tutorial.iobj
c:\tutorial\tutorial\tutorial\release\tutorial.tlog\cl.command.1.tlog
c:\tutorial\tutorial\tutorial\release\tutorial.tlog\cl.read.1.tlog
c:\tutorial\tutorial\tutorial\release\tutorial.tlog\cl.write.1.tlog
c:\tutorial\tutorial\tutorial\release\tutorial.tlog\link.command.1.tlog
c:\tutorial\tutorial\tutorial\release\tutorial.tlog\link.delete.1.tlog
c:\tutorial\tutorial\tutorial\release\tutorial.tlog\link.read.1.tlog
c:\tutorial\tutorial\tutorial\release\tutorial.tlog\link.write.1.tlog
c:\tutorial\tutorial\tutorial\release\tutorial.tlog\tutorial.write.1u.tlog
