  Building Custom Rule C:/Tutorial/Dependencies/cegui-cegui-dependencies-0ecdf3a9e49b/cegui-cegui-dependencies-0ecdf3a9e49b/src/zlib-1.2.5/CEGUI-BUILD/CMakeLists.txt
  CMake does not need to re-run because C:/Tutorial/Dependencies/cegui-cegui-dependencies-0ecdf3a9e49b/cegui-cegui-dependencies-0ecdf3a9e49b/build/src/zlib-1.2.5/CEGUI-BUILD/CMakeFiles/generate.stamp is up-to-date.
  adler32.c
  compress.c
  crc32.c
  deflate.c
  gzclose.c
  gzlib.c
C:\Tutorial\Dependencies\cegui-cegui-dependencies-0ecdf3a9e49b\cegui-cegui-dependencies-0ecdf3a9e49b\src\zlib-1.2.5\gzlib.c(160): warning C4996: 'open': The POSIX name for this item is deprecated. Instead, use the ISO C and C++ conformant name: _open. See online help for details.
  C:\Program Files (x86)\Windows Kits\10\Include\10.0.10586.0\ucrt\corecrt_io.h(514): note: see declaration of 'open'
C:\Tutorial\Dependencies\cegui-cegui-dependencies-0ecdf3a9e49b\cegui-cegui-dependencies-0ecdf3a9e49b\src\zlib-1.2.5\gzlib.c(184): warning C4996: 'lseek': The POSIX name for this item is deprecated. Instead, use the ISO C and C++ conformant name: _lseek. See online help for details.
  C:\Program Files (x86)\Windows Kits\10\Include\10.0.10586.0\ucrt\corecrt_io.h(501): note: see declaration of 'lseek'
C:\Tutorial\Dependencies\cegui-cegui-dependencies-0ecdf3a9e49b\cegui-cegui-dependencies-0ecdf3a9e49b\src\zlib-1.2.5\gzlib.c(268): warning C4996: 'lseek': The POSIX name for this item is deprecated. Instead, use the ISO C and C++ conformant name: _lseek. See online help for details.
  C:\Program Files (x86)\Windows Kits\10\Include\10.0.10586.0\ucrt\corecrt_io.h(501): note: see declaration of 'lseek'
C:\Tutorial\Dependencies\cegui-cegui-dependencies-0ecdf3a9e49b\cegui-cegui-dependencies-0ecdf3a9e49b\src\zlib-1.2.5\gzlib.c(309): warning C4996: 'lseek': The POSIX name for this item is deprecated. Instead, use the ISO C and C++ conformant name: _lseek. See online help for details.
  C:\Program Files (x86)\Windows Kits\10\Include\10.0.10586.0\ucrt\corecrt_io.h(501): note: see declaration of 'lseek'
C:\Tutorial\Dependencies\cegui-cegui-dependencies-0ecdf3a9e49b\cegui-cegui-dependencies-0ecdf3a9e49b\src\zlib-1.2.5\gzlib.c(404): warning C4996: 'lseek': The POSIX name for this item is deprecated. Instead, use the ISO C and C++ conformant name: _lseek. See online help for details.
  C:\Program Files (x86)\Windows Kits\10\Include\10.0.10586.0\ucrt\corecrt_io.h(501): note: see declaration of 'lseek'
  gzread.c
C:\Tutorial\Dependencies\cegui-cegui-dependencies-0ecdf3a9e49b\cegui-cegui-dependencies-0ecdf3a9e49b\src\zlib-1.2.5\gzread.c(31): warning C4996: 'read': The POSIX name for this item is deprecated. Instead, use the ISO C and C++ conformant name: _read. See online help for details.
  C:\Program Files (x86)\Windows Kits\10\Include\10.0.10586.0\ucrt\corecrt_io.h(521): note: see declaration of 'read'
C:\Tutorial\Dependencies\cegui-cegui-dependencies-0ecdf3a9e49b\cegui-cegui-dependencies-0ecdf3a9e49b\src\zlib-1.2.5\gzread.c(650): warning C4996: 'close': The POSIX name for this item is deprecated. Instead, use the ISO C and C++ conformant name: _close. See online help for details.
  C:\Program Files (x86)\Windows Kits\10\Include\10.0.10586.0\ucrt\corecrt_io.h(457): note: see declaration of 'close'
  gzwrite.c
C:\Tutorial\Dependencies\cegui-cegui-dependencies-0ecdf3a9e49b\cegui-cegui-dependencies-0ecdf3a9e49b\src\zlib-1.2.5\gzwrite.c(79): warning C4996: 'write': The POSIX name for this item is deprecated. Instead, use the ISO C and C++ conformant name: _write. See online help for details.
  C:\Program Files (x86)\Windows Kits\10\Include\10.0.10586.0\ucrt\corecrt_io.h(556): note: see declaration of 'write'
C:\Tutorial\Dependencies\cegui-cegui-dependencies-0ecdf3a9e49b\cegui-cegui-dependencies-0ecdf3a9e49b\src\zlib-1.2.5\gzwrite.c(528): warning C4996: 'close': The POSIX name for this item is deprecated. Instead, use the ISO C and C++ conformant name: _close. See online help for details.
  C:\Program Files (x86)\Windows Kits\10\Include\10.0.10586.0\ucrt\corecrt_io.h(457): note: see declaration of 'close'
  infback.c
  inffast.c
  inflate.c
  inftrees.c
  trees.c
  uncompr.c
  zutil.c
  Generating Code...
     Creating library C:/Tutorial/Dependencies/cegui-cegui-dependencies-0ecdf3a9e49b/cegui-cegui-dependencies-0ecdf3a9e49b/build/dependencies/lib/dynamic/zlib_d.lib and object C:/Tutorial/Dependencies/cegui-cegui-dependencies-0ecdf3a9e49b/cegui-cegui-dependencies-0ecdf3a9e49b/build/dependencies/lib/dynamic/zlib_d.exp
  zlib.vcxproj -> C:\Tutorial\Dependencies\cegui-cegui-dependencies-0ecdf3a9e49b\cegui-cegui-dependencies-0ecdf3a9e49b\build\dependencies\bin\zlib_d.dll
  zlib.vcxproj -> C:/Tutorial/Dependencies/cegui-cegui-dependencies-0ecdf3a9e49b/cegui-cegui-dependencies-0ecdf3a9e49b/build/dependencies/bin/zlib_d.pdb (Full PDB)
