  Building Custom Rule C:/Tutorial/Dependencies/cegui-cegui-dependencies-0ecdf3a9e49b/cegui-cegui-dependencies-0ecdf3a9e49b/src/freetype-2.4.4/CEGUI-BUILD/CMakeLists.txt
  CMake does not need to re-run because C:/Tutorial/Dependencies/cegui-cegui-dependencies-0ecdf3a9e49b/cegui-cegui-dependencies-0ecdf3a9e49b/build/src/freetype-2.4.4/CEGUI-BUILD/CMakeFiles/generate.stamp is up-to-date.
  ftsystem.c
  ftinit.c
  ftdebug.c
  ftbase.c
  ftbbox.c
  ftglyph.c
  ftbdf.c
  ftbitmap.c
  ftcid.c
  ftfstype.c
  ftgasp.c
  ftgxval.c
  ftlcdfil.c
  ftmm.c
  ftotval.c
  ftpatent.c
  ftpfr.c
  ftstroke.c
  ftsynth.c
  fttype1.c
  Generating Code...
  Compiling...
  ftwinfnt.c
  ftxf86.c
  bdf.c
  cff.c
  type1cid.c
  pcf.c
  pfr.c
  sfnt.c
  truetype.c
  type1.c
  type42.c
  winfnt.c
  raster.c
  smooth.c
  autofit.c
  ftcache.c
  ftgzip.c
  ftlzw.c
  gxvalid.c
  otvalid.c
  Generating Code...
  Compiling...
  psaux.c
  pshinter.c
  psnames.c
  Generating Code...
     Creating library C:/Tutorial/Dependencies/cegui-cegui-dependencies-0ecdf3a9e49b/cegui-cegui-dependencies-0ecdf3a9e49b/build/dependencies/lib/dynamic/freetype_d.lib and object C:/Tutorial/Dependencies/cegui-cegui-dependencies-0ecdf3a9e49b/cegui-cegui-dependencies-0ecdf3a9e49b/build/dependencies/lib/dynamic/freetype_d.exp
  freetype.vcxproj -> C:\Tutorial\Dependencies\cegui-cegui-dependencies-0ecdf3a9e49b\cegui-cegui-dependencies-0ecdf3a9e49b\build\dependencies\bin\freetype_d.dll
  freetype.vcxproj -> C:/Tutorial/Dependencies/cegui-cegui-dependencies-0ecdf3a9e49b/cegui-cegui-dependencies-0ecdf3a9e49b/build/dependencies/bin/freetype_d.pdb (Full PDB)
