  Generating ../pcre_chartables.c
  pcre_compile.c
  pcre_config.c
  pcre_dfa_exec.c
  pcre_exec.c
  pcre_fullinfo.c
  pcre_get.c
  pcre_globals.c
  pcre_info.c
  pcre_maketables.c
  pcre_newline.c
  pcre_ord2utf8.c
  pcre_refcount.c
  pcre_study.c
  pcre_tables.c
  pcre_try_flipped.c
  pcre_ucd.c
  pcre_valid_utf8.c
  pcre_version.c
  pcre_xclass.c
  pcre_chartables.c
  Generating Code...
     Creating library C:/Tutorial/Dependencies/cegui-cegui-dependencies-0ecdf3a9e49b/cegui-cegui-dependencies-0ecdf3a9e49b/build/dependencies/lib/dynamic/pcre_d.lib and object C:/Tutorial/Dependencies/cegui-cegui-dependencies-0ecdf3a9e49b/cegui-cegui-dependencies-0ecdf3a9e49b/build/dependencies/lib/dynamic/pcre_d.exp
  pcre.vcxproj -> C:\Tutorial\Dependencies\cegui-cegui-dependencies-0ecdf3a9e49b\cegui-cegui-dependencies-0ecdf3a9e49b\build\dependencies\bin\pcre_d.dll
  pcre.vcxproj -> C:/Tutorial/Dependencies/cegui-cegui-dependencies-0ecdf3a9e49b/cegui-cegui-dependencies-0ecdf3a9e49b/build/dependencies/bin/pcre_d.pdb (Full PDB)
